{"uuid":"c57c0462-650d-4b9f-b94f-350943310762","historyId":"be480d91b836e137272e837a985c7d99","testCaseId":"[engine:junit-jupiter]/[class:ua.foxminded.skarb.tests.PartnerRegistrationTest]/[method:registerPartner()]","testCaseName":"registerPartner()","fullName":"ua.foxminded.skarb.tests.PartnerRegistrationTest.registerPartner","labels":[{"name":"junit.platform.uniqueid","value":"[engine:junit-jupiter]/[class:ua.foxminded.skarb.tests.PartnerRegistrationTest]/[method:registerPartner()]"},{"name":"host","value":"MacBook-Air-7.lan"},{"name":"thread","value":"74445@MacBook-Air-7.lan.main(1)"},{"name":"framework","value":"junit-platform"},{"name":"language","value":"java"},{"name":"package","value":"ua.foxminded.skarb.tests.PartnerRegistrationTest"},{"name":"testClass","value":"ua.foxminded.skarb.tests.PartnerRegistrationTest"},{"name":"testMethod","value":"registerPartner"},{"name":"suite","value":"ua.foxminded.skarb.tests.PartnerRegistrationTest"}],"links":[],"name":"registerPartner()","status":"failed","statusDetails":{"known":false,"muted":false,"flaky":false,"message":"Element not found {By.xpath: //div[contains(text(),'Iucz.Osggr@skarb.ngo')]}\nExpected: visible\nScreenshot: file:/Users/nataliiatemchyshyn/Desktop/IT/Project/Selenide2.0/build/reports/tests/1706756664453.0.png\nPage source: file:/Users/nataliiatemchyshyn/Desktop/IT/Project/Selenide2.0/build/reports/tests/1706756664453.0.html\nTimeout: 4 s.\nCaused by: NoSuchElementException: no such element: Unable to locate element: {\"method\":\"xpath\",\"selector\":\"//div[contains(text(),'Iucz.Osggr@skarb.ngo')]\"}","trace":"Element not found {By.xpath: //div[contains(text(),'Iucz.Osggr@skarb.ngo')]}\nExpected: visible\nScreenshot: file:/Users/nataliiatemchyshyn/Desktop/IT/Project/Selenide2.0/build/reports/tests/1706756664453.0.png\nPage source: file:/Users/nataliiatemchyshyn/Desktop/IT/Project/Selenide2.0/build/reports/tests/1706756664453.0.html\nTimeout: 4 s.\nCaused by: NoSuchElementException: no such element: Unable to locate element: {\"method\":\"xpath\",\"selector\":\"//div[contains(text(),'Iucz.Osggr@skarb.ngo')]\"}\n\tat com.codeborne.selenide.impl.WebElementSource.createElementNotFoundError(WebElementSource.java:91)\n\tat com.codeborne.selenide.impl.ElementFinder.createElementNotFoundError(ElementFinder.java:142)\n\tat com.codeborne.selenide.impl.WebElementSource.handleError(WebElementSource.java:143)\n\tat com.codeborne.selenide.impl.WebElementSource.checkConditionAndReturnElement(WebElementSource.java:127)\n\tat com.codeborne.selenide.impl.WebElementSource.checkCondition(WebElementSource.java:104)\n\tat com.codeborne.selenide.commands.Should.execute(Should.java:30)\n\tat com.codeborne.selenide.commands.Should.execute(Should.java:14)\n\tat com.codeborne.selenide.commands.Commands.execute(Commands.java:161)\n\tat com.codeborne.selenide.impl.SelenideElementProxy.dispatchAndRetry(SelenideElementProxy.java:132)\n\tat com.codeborne.selenide.impl.SelenideElementProxy.invoke(SelenideElementProxy.java:84)\n\tat jdk.proxy2/jdk.proxy2.$Proxy26.shouldBe(Unknown Source)\n\tat ua.foxminded.skarb.pages.MailHogPage.waitForEmail(MailHogPage.java:33)\n\tat ua.foxminded.skarb.tests.PartnerRegistrationTest.registerPartner(PartnerRegistrationTest.java:45)\n\tat java.base/java.lang.reflect.Method.invoke(Method.java:578)\n\tat java.base/java.util.ArrayList.forEach(ArrayList.java:1511)\n\tat java.base/java.util.ArrayList.forEach(ArrayList.java:1511)\nCaused by: org.openqa.selenium.NoSuchElementException: no such element: Unable to locate element: {\"method\":\"xpath\",\"selector\":\"//div[contains(text(),'Iucz.Osggr@skarb.ngo')]\"}\n  (Session info: chrome=118.0.5993.70)\nFor documentation on this error, please visit: https://www.selenium.dev/documentation/webdriver/troubleshooting/errors#no-such-element-exception\nBuild info: version: '4.17.0', revision: 'e52b1be057*'\nSystem info: os.name: 'Mac OS X', os.arch: 'aarch64', os.version: '14.2.1', java.version: '20.0.1'\nDriver info: org.openqa.selenium.chrome.ChromeDriver\nCommand: [44ee8f19ddf0295bdf2b24f76251977d, findElement {using=xpath, value=//div[contains(text(),'Iucz.Osggr@skarb.ngo')]}]\nCapabilities {acceptInsecureCerts: false, browserName: chrome, browserVersion: 118.0.5993.70, chrome: {chromedriverVersion: 118.0.5993.70 (e52f33f30b91..., userDataDir: /var/folders/g0/8g0_3ls54qz...}, fedcm:accounts: true, goog:chromeOptions: {debuggerAddress: localhost:63262}, networkConnectionEnabled: false, pageLoadStrategy: normal, platformName: mac, proxy: Proxy(), se:cdp: ws://localhost:63262/devtoo..., se:cdpVersion: 118.0.5993.70, setWindowRect: true, strictFileInteractability: false, timeouts: {implicit: 0, pageLoad: 300000, script: 30000}, unhandledPromptBehavior: dismiss and notify, webauthn:extension:credBlob: true, webauthn:extension:largeBlob: true, webauthn:extension:minPinLength: true, webauthn:extension:prf: true, webauthn:virtualAuthenticators: true}\nSession ID: 44ee8f19ddf0295bdf2b24f76251977d\n\tat java.base/jdk.internal.reflect.DirectConstructorHandleAccessor.newInstance(DirectConstructorHandleAccessor.java:67)\n\tat java.base/java.lang.reflect.Constructor.newInstanceWithCaller(Constructor.java:500)\n\tat java.base/java.lang.reflect.Constructor.newInstance(Constructor.java:484)\n\tat org.openqa.selenium.remote.codec.w3c.W3CHttpResponseCodec.createException(W3CHttpResponseCodec.java:185)\n\tat org.openqa.selenium.remote.codec.w3c.W3CHttpResponseCodec.decode(W3CHttpResponseCodec.java:134)\n\tat org.openqa.selenium.remote.codec.w3c.W3CHttpResponseCodec.decode(W3CHttpResponseCodec.java:51)\n\tat org.openqa.selenium.remote.HttpCommandExecutor.execute(HttpCommandExecutor.java:190)\n\tat org.openqa.selenium.remote.service.DriverCommandExecutor.invokeExecute(DriverCommandExecutor.java:216)\n\tat org.openqa.selenium.remote.service.DriverCommandExecutor.execute(DriverCommandExecutor.java:174)\n\tat org.openqa.selenium.remote.RemoteWebDriver.execute(RemoteWebDriver.java:519)\n\tat org.openqa.selenium.remote.ElementLocation$ElementFinder$2.findElement(ElementLocation.java:165)\n\tat org.openqa.selenium.remote.ElementLocation.findElement(ElementLocation.java:59)\n\tat org.openqa.selenium.remote.RemoteWebDriver.findElement(RemoteWebDriver.java:356)\n\tat org.openqa.selenium.remote.RemoteWebDriver.findElement(RemoteWebDriver.java:350)\n\tat com.codeborne.selenide.impl.WebElementSelector.findElement(WebElementSelector.java:70)\n\tat com.codeborne.selenide.impl.WebElementSelector.findElement(WebElementSelector.java:44)\n\tat com.codeborne.selenide.impl.WebElementSelector.findElement(WebElementSelector.java:33)\n\tat com.codeborne.selenide.impl.ElementFinder.getWebElement(ElementFinder.java:122)\n\tat com.codeborne.selenide.impl.WebElementSource.checkConditionAndReturnElement(WebElementSource.java:116)\n\t... 12 more\n"},"stage":"finished","description":"","steps":[],"attachments":[],"parameters":[],"start":1706756633585,"stop":1706756664881}